2017-09-14 09:11:26.836  INFO 4876 --- [main] c.s.b.e.EurekaServerApplication          : No active profile set, falling back to default profiles: default
2017-09-14 09:11:26.904  INFO 4876 --- [main] ationConfigEmbeddedWebApplicationContext : Refreshing org.springframework.boot.context.embedded.AnnotationConfigEmbeddedWebApplicationContext@6d7ff17e: startup date [Thu Sep 14 09:11:26 CST 2017]; parent: org.springframework.context.annotation.AnnotationConfigApplicationContext@5992f874
2017-09-14 09:11:29.155  INFO 4876 --- [main] o.s.cloud.context.scope.GenericScope     : BeanFactory id=03654519-92c1-3f91-97cc-1b6b6430a322
2017-09-14 09:11:29.237  INFO 4876 --- [main] f.a.AutowiredAnnotationBeanPostProcessor : JSR-330 'javax.inject.Inject' annotation found and supported for autowiring
2017-09-14 09:11:29.286  INFO 4876 --- [main] trationDelegate$BeanPostProcessorChecker : Bean 'org.springframework.cloud.netflix.metrics.MetricsInterceptorConfiguration$MetricsRestTemplateConfiguration' of type [class org.springframework.cloud.netflix.metrics.MetricsInterceptorConfiguration$MetricsRestTemplateConfiguration$$EnhancerBySpringCGLIB$$f84e5c0a] is not eligible for getting processed by all BeanPostProcessors (for example: not eligible for auto-proxying)
2017-09-14 09:11:29.299  INFO 4876 --- [main] trationDelegate$BeanPostProcessorChecker : Bean 'org.springframework.cloud.autoconfigure.ConfigurationPropertiesRebinderAutoConfiguration' of type [class org.springframework.cloud.autoconfigure.ConfigurationPropertiesRebinderAutoConfiguration$$EnhancerBySpringCGLIB$$e23bb8c6] is not eligible for getting processed by all BeanPostProcessors (for example: not eligible for auto-proxying)
2017-09-14 09:11:29.970  INFO 4876 --- [main] s.b.c.e.t.TomcatEmbeddedServletContainer : Tomcat initialized with port(s): 8761 (http)
2017-09-14 09:11:29.986  INFO 4876 --- [main] o.apache.catalina.core.StandardService   : Starting service Tomcat
2017-09-14 09:11:29.987  INFO 4876 --- [main] org.apache.catalina.core.StandardEngine  : Starting Servlet Engine: Apache Tomcat/8.5.6
2017-09-14 09:11:30.149  INFO 4876 --- [localhost-startStop-1] o.a.c.c.C.[Tomcat].[localhost].[/]       : Initializing Spring embedded WebApplicationContext
2017-09-14 09:11:30.149  INFO 4876 --- [localhost-startStop-1] o.s.web.context.ContextLoader            : Root WebApplicationContext: initialization completed in 3245 ms
2017-09-14 09:11:31.452  INFO 4876 --- [localhost-startStop-1] o.s.b.w.servlet.FilterRegistrationBean   : Mapping filter: 'metricsFilter' to: [/*]
2017-09-14 09:11:31.453  INFO 4876 --- [localhost-startStop-1] o.s.b.w.servlet.FilterRegistrationBean   : Mapping filter: 'characterEncodingFilter' to: [/*]
2017-09-14 09:11:31.453  INFO 4876 --- [localhost-startStop-1] o.s.b.w.servlet.FilterRegistrationBean   : Mapping filter: 'hiddenHttpMethodFilter' to: [/*]
2017-09-14 09:11:31.453  INFO 4876 --- [localhost-startStop-1] o.s.b.w.servlet.FilterRegistrationBean   : Mapping filter: 'httpPutFormContentFilter' to: [/*]
2017-09-14 09:11:31.453  INFO 4876 --- [localhost-startStop-1] o.s.b.w.servlet.FilterRegistrationBean   : Mapping filter: 'requestContextFilter' to: [/*]
2017-09-14 09:11:31.454  INFO 4876 --- [localhost-startStop-1] o.s.b.w.servlet.FilterRegistrationBean   : Mapping filter: 'webRequestTraceFilter' to: [/*]
2017-09-14 09:11:31.454  INFO 4876 --- [localhost-startStop-1] o.s.b.w.servlet.FilterRegistrationBean   : Mapping filter: 'servletContainer' to urls: [/eureka/*]
2017-09-14 09:11:31.454  INFO 4876 --- [localhost-startStop-1] o.s.b.w.servlet.FilterRegistrationBean   : Mapping filter: 'applicationContextIdFilter' to: [/*]
2017-09-14 09:11:31.454  INFO 4876 --- [localhost-startStop-1] o.s.b.w.servlet.ServletRegistrationBean  : Mapping servlet: 'dispatcherServlet' to [/]
2017-09-14 09:11:31.556  INFO 4876 --- [localhost-startStop-1] c.s.j.s.i.a.WebApplicationImpl           : Initiating Jersey application, version 'Jersey: 1.19.1 03/11/2016 02:08 PM'
2017-09-14 09:11:31.641  INFO 4876 --- [localhost-startStop-1] c.n.d.provider.DiscoveryJerseyProvider   : Using JSON encoding codec LegacyJacksonJson
2017-09-14 09:11:31.643  INFO 4876 --- [localhost-startStop-1] c.n.d.provider.DiscoveryJerseyProvider   : Using JSON decoding codec LegacyJacksonJson
2017-09-14 09:11:31.767  INFO 4876 --- [localhost-startStop-1] c.n.d.provider.DiscoveryJerseyProvider   : Using XML encoding codec XStreamXml
2017-09-14 09:11:31.768  INFO 4876 --- [localhost-startStop-1] c.n.d.provider.DiscoveryJerseyProvider   : Using XML decoding codec XStreamXml
2017-09-14 09:11:33.617  INFO 4876 --- [main] s.w.s.m.m.a.RequestMappingHandlerAdapter : Looking for @ControllerAdvice: org.springframework.boot.context.embedded.AnnotationConfigEmbeddedWebApplicationContext@6d7ff17e: startup date [Thu Sep 14 09:11:26 CST 2017]; parent: org.springframework.context.annotation.AnnotationConfigApplicationContext@5992f874
2017-09-14 09:11:33.821  INFO 4876 --- [main] s.w.s.m.m.a.RequestMappingHandlerMapping : Mapped "{[/error]}" onto public org.springframework.http.ResponseEntity<java.util.Map<java.lang.String, java.lang.Object>> org.springframework.boot.autoconfigure.web.BasicErrorController.error(javax.servlet.http.HttpServletRequest)
2017-09-14 09:11:33.823  INFO 4876 --- [main] s.w.s.m.m.a.RequestMappingHandlerMapping : Mapped "{[/error],produces=[text/html]}" onto public org.springframework.web.servlet.ModelAndView org.springframework.boot.autoconfigure.web.BasicErrorController.errorHtml(javax.servlet.http.HttpServletRequest,javax.servlet.http.HttpServletResponse)
2017-09-14 09:11:33.855  INFO 4876 --- [main] s.w.s.m.m.a.RequestMappingHandlerMapping : Mapped "{[/],methods=[GET]}" onto public java.lang.String org.springframework.cloud.netflix.eureka.server.EurekaController.status(javax.servlet.http.HttpServletRequest,java.util.Map<java.lang.String, java.lang.Object>)
2017-09-14 09:11:33.856  INFO 4876 --- [main] s.w.s.m.m.a.RequestMappingHandlerMapping : Mapped "{[/lastn],methods=[GET]}" onto public java.lang.String org.springframework.cloud.netflix.eureka.server.EurekaController.lastn(javax.servlet.http.HttpServletRequest,java.util.Map<java.lang.String, java.lang.Object>)
2017-09-14 09:11:33.931  INFO 4876 --- [main] o.s.w.s.handler.SimpleUrlHandlerMapping  : Mapped URL path [/webjars/**] onto handler of type [class org.springframework.web.servlet.resource.ResourceHttpRequestHandler]
2017-09-14 09:11:33.931  INFO 4876 --- [main] o.s.w.s.handler.SimpleUrlHandlerMapping  : Mapped URL path [/**] onto handler of type [class org.springframework.web.servlet.resource.ResourceHttpRequestHandler]
2017-09-14 09:11:34.040  INFO 4876 --- [main] o.s.w.s.handler.SimpleUrlHandlerMapping  : Mapped URL path [/**/favicon.ico] onto handler of type [class org.springframework.web.servlet.resource.ResourceHttpRequestHandler]
2017-09-14 09:11:35.081  INFO 4876 --- [main] o.s.b.a.e.mvc.EndpointHandlerMapping     : Mapped "{[/restart || /restart.json],methods=[POST]}" onto public java.lang.Object org.springframework.cloud.context.restart.RestartMvcEndpoint.invoke()
2017-09-14 09:11:35.086  INFO 4876 --- [main] o.s.b.a.e.mvc.EndpointHandlerMapping     : Mapped "{[/info || /info.json],methods=[GET],produces=[application/json]}" onto public java.lang.Object org.springframework.boot.actuate.endpoint.mvc.EndpointMvcAdapter.invoke()
2017-09-14 09:11:35.088  INFO 4876 --- [main] o.s.b.a.e.mvc.EndpointHandlerMapping     : Mapped "{[/resume || /resume.json],methods=[POST]}" onto public java.lang.Object org.springframework.cloud.endpoint.GenericPostableMvcEndpoint.invoke()
2017-09-14 09:11:35.091  INFO 4876 --- [main] o.s.b.a.e.mvc.EndpointHandlerMapping     : Mapped "{[/trace || /trace.json],methods=[GET],produces=[application/json]}" onto public java.lang.Object org.springframework.boot.actuate.endpoint.mvc.EndpointMvcAdapter.invoke()
2017-09-14 09:11:35.093  INFO 4876 --- [main] o.s.b.a.e.mvc.EndpointHandlerMapping     : Mapped "{[/logfile || /logfile.json],methods=[GET || HEAD]}" onto public void org.springframework.boot.actuate.endpoint.mvc.LogFileMvcEndpoint.invoke(javax.servlet.http.HttpServletRequest,javax.servlet.http.HttpServletResponse) throws javax.servlet.ServletException,java.io.IOException
2017-09-14 09:11:35.096  INFO 4876 --- [main] o.s.b.a.e.mvc.EndpointHandlerMapping     : Mapped "{[/configprops || /configprops.json],methods=[GET],produces=[application/json]}" onto public java.lang.Object org.springframework.boot.actuate.endpoint.mvc.EndpointMvcAdapter.invoke()
2017-09-14 09:11:35.098  INFO 4876 --- [main] o.s.b.a.e.mvc.EndpointHandlerMapping     : Mapped "{[/beans || /beans.json],methods=[GET],produces=[application/json]}" onto public java.lang.Object org.springframework.boot.actuate.endpoint.mvc.EndpointMvcAdapter.invoke()
2017-09-14 09:11:35.101  INFO 4876 --- [main] o.s.b.a.e.mvc.EndpointHandlerMapping     : Mapped "{[/features || /features.json],methods=[GET],produces=[application/json]}" onto public java.lang.Object org.springframework.boot.actuate.endpoint.mvc.EndpointMvcAdapter.invoke()
2017-09-14 09:11:35.105  INFO 4876 --- [main] o.s.b.a.e.mvc.EndpointHandlerMapping     : Mapped "{[/mappings || /mappings.json],methods=[GET],produces=[application/json]}" onto public java.lang.Object org.springframework.boot.actuate.endpoint.mvc.EndpointMvcAdapter.invoke()
2017-09-14 09:11:35.107  INFO 4876 --- [main] o.s.b.a.e.mvc.EndpointHandlerMapping     : Mapped "{[/dump || /dump.json],methods=[GET],produces=[application/json]}" onto public java.lang.Object org.springframework.boot.actuate.endpoint.mvc.EndpointMvcAdapter.invoke()
2017-09-14 09:11:35.109  INFO 4876 --- [main] o.s.b.a.e.mvc.EndpointHandlerMapping     : Mapped "{[/pause || /pause.json],methods=[POST]}" onto public java.lang.Object org.springframework.cloud.endpoint.GenericPostableMvcEndpoint.invoke()
2017-09-14 09:11:35.113  INFO 4876 --- [main] o.s.b.a.e.mvc.EndpointHandlerMapping     : Mapped "{[/refresh || /refresh.json],methods=[POST]}" onto public java.lang.Object org.springframework.cloud.endpoint.GenericPostableMvcEndpoint.invoke()
2017-09-14 09:11:35.115  INFO 4876 --- [main] o.s.b.a.e.mvc.EndpointHandlerMapping     : Mapped "{[/env],methods=[POST]}" onto public java.lang.Object org.springframework.cloud.context.environment.EnvironmentManagerMvcEndpoint.value(java.util.Map<java.lang.String, java.lang.String>)
2017-09-14 09:11:35.116  INFO 4876 --- [main] o.s.b.a.e.mvc.EndpointHandlerMapping     : Mapped "{[/env/reset],methods=[POST]}" onto public java.util.Map<java.lang.String, java.lang.Object> org.springframework.cloud.context.environment.EnvironmentManagerMvcEndpoint.reset()
2017-09-14 09:11:35.121  INFO 4876 --- [main] o.s.b.a.e.mvc.EndpointHandlerMapping     : Mapped "{[/autoconfig || /autoconfig.json],methods=[GET],produces=[application/json]}" onto public java.lang.Object org.springframework.boot.actuate.endpoint.mvc.EndpointMvcAdapter.invoke()
2017-09-14 09:11:35.123  INFO 4876 --- [main] o.s.b.a.e.mvc.EndpointHandlerMapping     : Mapped "{[/health || /health.json],produces=[application/json]}" onto public java.lang.Object org.springframework.boot.actuate.endpoint.mvc.HealthMvcEndpoint.invoke(java.security.Principal)
2017-09-14 09:11:35.127  INFO 4876 --- [main] o.s.b.a.e.mvc.EndpointHandlerMapping     : Mapped "{[/metrics/{name:.*}],methods=[GET],produces=[application/json]}" onto public java.lang.Object org.springframework.boot.actuate.endpoint.mvc.MetricsMvcEndpoint.value(java.lang.String)
2017-09-14 09:11:35.127  INFO 4876 --- [main] o.s.b.a.e.mvc.EndpointHandlerMapping     : Mapped "{[/metrics || /metrics.json],methods=[GET],produces=[application/json]}" onto public java.lang.Object org.springframework.boot.actuate.endpoint.mvc.EndpointMvcAdapter.invoke()
2017-09-14 09:11:35.129  INFO 4876 --- [main] o.s.b.a.e.mvc.EndpointHandlerMapping     : Mapped "{[/archaius || /archaius.json],methods=[GET],produces=[application/json]}" onto public java.lang.Object org.springframework.boot.actuate.endpoint.mvc.EndpointMvcAdapter.invoke()
2017-09-14 09:11:35.130  INFO 4876 --- [main] o.s.b.a.e.mvc.EndpointHandlerMapping     : Mapped "{[/service-registry/instance-status],methods=[GET]}" onto public org.springframework.http.ResponseEntity org.springframework.cloud.client.serviceregistry.endpoint.ServiceRegistryEndpoint.getStatus()
2017-09-14 09:11:35.131  INFO 4876 --- [main] o.s.b.a.e.mvc.EndpointHandlerMapping     : Mapped "{[/service-registry/instance-status],methods=[POST]}" onto public org.springframework.http.ResponseEntity<?> org.springframework.cloud.client.serviceregistry.endpoint.ServiceRegistryEndpoint.setStatus(java.lang.String)
2017-09-14 09:11:35.134  INFO 4876 --- [main] o.s.b.a.e.mvc.EndpointHandlerMapping     : Mapped "{[/env/{name:.*}],methods=[GET],produces=[application/json]}" onto public java.lang.Object org.springframework.boot.actuate.endpoint.mvc.EnvironmentMvcEndpoint.value(java.lang.String)
2017-09-14 09:11:35.134  INFO 4876 --- [main] o.s.b.a.e.mvc.EndpointHandlerMapping     : Mapped "{[/env || /env.json],methods=[GET],produces=[application/json]}" onto public java.lang.Object org.springframework.boot.actuate.endpoint.mvc.EndpointMvcAdapter.invoke()
2017-09-14 09:11:35.137  INFO 4876 --- [main] o.s.b.a.e.mvc.EndpointHandlerMapping     : Mapped "{[/heapdump || /heapdump.json],methods=[GET],produces=[application/octet-stream]}" onto public void org.springframework.boot.actuate.endpoint.mvc.HeapdumpMvcEndpoint.invoke(boolean,javax.servlet.http.HttpServletRequest,javax.servlet.http.HttpServletResponse) throws java.io.IOException,javax.servlet.ServletException
2017-09-14 09:11:35.480  INFO 4876 --- [main] o.s.ui.freemarker.SpringTemplateLoader   : SpringTemplateLoader for FreeMarker: using resource loader [org.springframework.boot.context.embedded.AnnotationConfigEmbeddedWebApplicationContext@6d7ff17e: startup date [Thu Sep 14 09:11:26 CST 2017]; parent: org.springframework.context.annotation.AnnotationConfigApplicationContext@5992f874] and template loader path [classpath:/templates/]
2017-09-14 09:11:35.482  INFO 4876 --- [main] o.s.w.s.v.f.FreeMarkerConfigurer         : ClassTemplateLoader for Spring macros added to FreeMarker configuration
2017-09-14 09:11:35.823  WARN 4876 --- [main] o.s.c.n.a.ArchaiusAutoConfiguration      : No spring.application.name found, defaulting to 'application'
2017-09-14 09:11:35.829  WARN 4876 --- [main] c.n.c.sources.URLConfigurationSource     : No URLs will be polled as dynamic configuration sources.
2017-09-14 09:11:35.829  INFO 4876 --- [main] c.n.c.sources.URLConfigurationSource     : To enable URLs as dynamic configuration sources, define System property archaius.configurationSource.additionalUrls or make config.properties available on classpath.
2017-09-14 09:11:35.837  WARN 4876 --- [main] c.n.c.sources.URLConfigurationSource     : No URLs will be polled as dynamic configuration sources.
2017-09-14 09:11:35.838  INFO 4876 --- [main] c.n.c.sources.URLConfigurationSource     : To enable URLs as dynamic configuration sources, define System property archaius.configurationSource.additionalUrls or make config.properties available on classpath.
2017-09-14 09:11:35.904  INFO 4876 --- [main] o.s.c.n.eureka.InstanceInfoFactory       : Setting initial instance status as: STARTING
2017-09-14 09:11:35.974  INFO 4876 --- [main] com.netflix.discovery.DiscoveryClient    : Initializing Eureka in region us-east-1
2017-09-14 09:11:35.974  INFO 4876 --- [main] com.netflix.discovery.DiscoveryClient    : Client configured to neither register nor query for data.
2017-09-14 09:11:35.989  INFO 4876 --- [main] com.netflix.discovery.DiscoveryClient    : Discovery Client initialized at timestamp 1505351495989 with initial instances count: 0
2017-09-14 09:11:36.170  INFO 4876 --- [main] c.n.eureka.DefaultEurekaServerContext    : Initializing ...
2017-09-14 09:11:36.174  WARN 4876 --- [main] c.n.eureka.cluster.PeerEurekaNodes       : The replica size seems to be empty. Check the route 53 DNS Registry
2017-09-14 09:11:36.193  INFO 4876 --- [main] c.n.e.registry.AbstractInstanceRegistry  : Finished initializing remote region registries. All known remote regions: []
2017-09-14 09:11:36.195  INFO 4876 --- [main] c.n.eureka.DefaultEurekaServerContext    : Initialized
2017-09-14 09:11:36.430  INFO 4876 --- [main] o.s.j.e.a.AnnotationMBeanExporter        : Registering beans for JMX exposure on startup
2017-09-14 09:11:36.445  INFO 4876 --- [main] o.s.j.e.a.AnnotationMBeanExporter        : Bean with name 'environmentManager' has been autodetected for JMX exposure
2017-09-14 09:11:36.448  INFO 4876 --- [main] o.s.j.e.a.AnnotationMBeanExporter        : Bean with name 'configurationPropertiesRebinder' has been autodetected for JMX exposure
2017-09-14 09:11:36.449  INFO 4876 --- [main] o.s.j.e.a.AnnotationMBeanExporter        : Bean with name 'refreshEndpoint' has been autodetected for JMX exposure
2017-09-14 09:11:36.450  INFO 4876 --- [main] o.s.j.e.a.AnnotationMBeanExporter        : Bean with name 'restartEndpoint' has been autodetected for JMX exposure
2017-09-14 09:11:36.451  INFO 4876 --- [main] o.s.j.e.a.AnnotationMBeanExporter        : Bean with name 'serviceRegistryEndpoint' has been autodetected for JMX exposure
2017-09-14 09:11:36.452  INFO 4876 --- [main] o.s.j.e.a.AnnotationMBeanExporter        : Bean with name 'refreshScope' has been autodetected for JMX exposure
2017-09-14 09:11:36.455  INFO 4876 --- [main] o.s.j.e.a.AnnotationMBeanExporter        : Located managed bean 'environmentManager': registering with JMX server as MBean [org.springframework.cloud.context.environment:name=environmentManager,type=EnvironmentManager]
2017-09-14 09:11:36.467  INFO 4876 --- [main] o.s.j.e.a.AnnotationMBeanExporter        : Located managed bean 'refreshScope': registering with JMX server as MBean [org.springframework.cloud.context.scope.refresh:name=refreshScope,type=RefreshScope]
2017-09-14 09:11:36.480  INFO 4876 --- [main] o.s.j.e.a.AnnotationMBeanExporter        : Located managed bean 'restartEndpoint': registering with JMX server as MBean [org.springframework.cloud.context.restart:name=restartEndpoint,type=RestartEndpoint]
2017-09-14 09:11:36.502  INFO 4876 --- [main] o.s.j.e.a.AnnotationMBeanExporter        : Located managed bean 'serviceRegistryEndpoint': registering with JMX server as MBean [org.springframework.cloud.client.serviceregistry.endpoint:name=serviceRegistryEndpoint,type=ServiceRegistryEndpoint]
2017-09-14 09:11:36.510  INFO 4876 --- [main] o.s.j.e.a.AnnotationMBeanExporter        : Located managed bean 'refreshEndpoint': registering with JMX server as MBean [org.springframework.cloud.endpoint:name=refreshEndpoint,type=RefreshEndpoint]
2017-09-14 09:11:36.514  INFO 4876 --- [main] o.s.j.e.a.AnnotationMBeanExporter        : Located managed bean 'configurationPropertiesRebinder': registering with JMX server as MBean [org.springframework.cloud.context.properties:name=configurationPropertiesRebinder,context=6d7ff17e,type=ConfigurationPropertiesRebinder]
2017-09-14 09:11:36.848  INFO 4876 --- [main] o.s.c.support.DefaultLifecycleProcessor  : Starting beans in phase 0
2017-09-14 09:11:36.849  INFO 4876 --- [main] o.s.c.n.e.s.EurekaServiceRegistry        : Registering application unknown with eureka with status UP
2017-09-14 09:11:36.935  INFO 4876 --- [Thread-10] o.s.c.n.e.server.EurekaServerBootstrap   : Setting the eureka configuration..
2017-09-14 09:11:36.935  INFO 4876 --- [Thread-10] o.s.c.n.e.server.EurekaServerBootstrap   : Eureka data center value eureka.datacenter is not set, defaulting to default
2017-09-14 09:11:36.936  INFO 4876 --- [Thread-10] o.s.c.n.e.server.EurekaServerBootstrap   : Eureka environment value eureka.environment is not set, defaulting to test
2017-09-14 09:11:37.010  INFO 4876 --- [Thread-10] o.s.c.n.e.server.EurekaServerBootstrap   : isAws returned false
2017-09-14 09:11:37.011  INFO 4876 --- [Thread-10] o.s.c.n.e.server.EurekaServerBootstrap   : Initialized server context
2017-09-14 09:11:37.011  INFO 4876 --- [Thread-10] c.n.e.r.PeerAwareInstanceRegistryImpl    : Got 1 instances from neighboring DS node
2017-09-14 09:11:37.011  INFO 4876 --- [Thread-10] c.n.e.r.PeerAwareInstanceRegistryImpl    : Renew threshold is: 1
2017-09-14 09:11:37.011  INFO 4876 --- [Thread-10] c.n.e.r.PeerAwareInstanceRegistryImpl    : Changing status to UP
2017-09-14 09:11:37.042  INFO 4876 --- [Thread-10] e.s.EurekaServerInitializerConfiguration : Started Eureka Server
2017-09-14 09:11:37.215  INFO 4876 --- [main] s.b.c.e.t.TomcatEmbeddedServletContainer : Tomcat started on port(s): 8761 (http)
2017-09-14 09:11:37.218  INFO 4876 --- [main] .s.c.n.e.s.EurekaAutoServiceRegistration : Updating port to 8761
2017-09-14 09:11:37.227  INFO 4876 --- [main] c.s.b.e.EurekaServerApplication          : Started EurekaServerApplication in 12.295 seconds (JVM running for 12.728)
2017-09-14 09:12:16.928  INFO 4876 --- [http-nio-8761-exec-1] o.a.c.c.C.[Tomcat].[localhost].[/]       : Initializing Spring FrameworkServlet 'dispatcherServlet'
2017-09-14 09:12:16.929  INFO 4876 --- [http-nio-8761-exec-1] o.s.web.servlet.DispatcherServlet        : FrameworkServlet 'dispatcherServlet': initialization started
2017-09-14 09:12:16.966  INFO 4876 --- [http-nio-8761-exec-1] o.s.web.servlet.DispatcherServlet        : FrameworkServlet 'dispatcherServlet': initialization completed in 37 ms
2017-09-14 09:12:37.026  INFO 4876 --- [Eureka-EvictionTimer] c.n.e.registry.AbstractInstanceRegistry  : Running the evict task with compensationTime 0ms
2017-09-14 09:12:52.734  INFO 4876 --- [http-nio-8761-exec-8] c.n.e.registry.AbstractInstanceRegistry  : Registered instance SPRINGCLOUD-SERVICE-HI/wx.ddxc.cn:SpringCloud-Service-Hi:8762 with status UP (replication=false)
2017-09-14 09:13:37.026  INFO 4876 --- [Eureka-EvictionTimer] c.n.e.registry.AbstractInstanceRegistry  : Running the evict task with compensationTime 0ms
2017-09-14 09:13:49.877  INFO 4876 --- [http-nio-8761-exec-6] c.n.e.registry.AbstractInstanceRegistry  : Registered instance SPRINGCLOUD-SERVICE-HI/wx.ddxc.cn:SpringCloud-Service-Hi:8763 with status UP (replication=false)
2017-09-14 09:14:37.027  INFO 4876 --- [Eureka-EvictionTimer] c.n.e.registry.AbstractInstanceRegistry  : Running the evict task with compensationTime 0ms
2017-09-14 09:15:37.027  INFO 4876 --- [Eureka-EvictionTimer] c.n.e.registry.AbstractInstanceRegistry  : Running the evict task with compensationTime 0ms
2017-09-14 09:16:06.431  INFO 4876 --- [http-nio-8761-exec-6] c.n.e.registry.AbstractInstanceRegistry  : Registered instance SPRINGCLOUD-SERVICE-ZUULFILTER/wx.ddxc.cn:SpringCloud-Service-ZuulFilter:18760 with status UP (replication=false)
2017-09-14 09:16:37.027  INFO 4876 --- [Eureka-EvictionTimer] c.n.e.registry.AbstractInstanceRegistry  : Running the evict task with compensationTime 0ms
2017-09-14 09:17:37.028  INFO 4876 --- [Eureka-EvictionTimer] c.n.e.registry.AbstractInstanceRegistry  : Running the evict task with compensationTime 0ms
2017-09-14 09:18:37.028  INFO 4876 --- [Eureka-EvictionTimer] c.n.e.registry.AbstractInstanceRegistry  : Running the evict task with compensationTime 0ms
2017-09-14 09:19:37.029  INFO 4876 --- [Eureka-EvictionTimer] c.n.e.registry.AbstractInstanceRegistry  : Running the evict task with compensationTime 0ms
2017-09-14 09:20:37.029  INFO 4876 --- [Eureka-EvictionTimer] c.n.e.registry.AbstractInstanceRegistry  : Running the evict task with compensationTime 0ms
2017-09-14 09:21:36.218  WARN 4876 --- [Eureka-PeerNodesUpdater] c.n.eureka.cluster.PeerEurekaNodes       : The replica size seems to be empty. Check the route 53 DNS Registry
2017-09-14 09:21:37.030  INFO 4876 --- [Eureka-EvictionTimer] c.n.e.registry.AbstractInstanceRegistry  : Running the evict task with compensationTime 0ms
2017-09-14 09:22:37.030  INFO 4876 --- [Eureka-EvictionTimer] c.n.e.registry.AbstractInstanceRegistry  : Running the evict task with compensationTime 0ms
2017-09-14 09:22:46.133  INFO 4876 --- [http-nio-8761-exec-6] c.n.e.registry.AbstractInstanceRegistry  : Registered instance SPRINGCLOUD-SERVICE-RIBBONHYSTRIX/wx.ddxc.cn:SpringCloud-Service-RibbonHystrix:8764 with status UP (replication=false)
2017-09-14 09:23:37.030  INFO 4876 --- [Eureka-EvictionTimer] c.n.e.registry.AbstractInstanceRegistry  : Running the evict task with compensationTime 0ms
2017-09-14 09:23:37.031  INFO 4876 --- [Eureka-EvictionTimer] c.n.e.registry.AbstractInstanceRegistry  : Evicting 1 items (expired=1, evictionLimit=1)
2017-09-14 09:23:37.032  WARN 4876 --- [Eureka-EvictionTimer] c.n.e.registry.AbstractInstanceRegistry  : DS: Registry: expired lease for SPRINGCLOUD-SERVICE-ZUULFILTER/wx.ddxc.cn:SpringCloud-Service-ZuulFilter:18760
2017-09-14 09:23:37.041  INFO 4876 --- [Eureka-EvictionTimer] c.n.e.registry.AbstractInstanceRegistry  : Cancelled instance SPRINGCLOUD-SERVICE-ZUULFILTER/wx.ddxc.cn:SpringCloud-Service-ZuulFilter:18760 (replication=false)
2017-09-14 09:23:37.391  INFO 4876 --- [http-nio-8761-exec-1] c.n.e.registry.AbstractInstanceRegistry  : Registered instance SPRINGCLOUD-SERVICE-FEIGNHYSTRIX/wx.ddxc.cn:SpringCloud-Service-FeignHystrix:8765 with status UP (replication=false)
2017-09-14 09:24:37.031  INFO 4876 --- [Eureka-EvictionTimer] c.n.e.registry.AbstractInstanceRegistry  : Running the evict task with compensationTime 0ms
2017-09-14 09:25:05.678  INFO 4876 --- [http-nio-8761-exec-7] c.n.e.registry.AbstractInstanceRegistry  : Registered instance SPRINGCLOUD-SERVICE-ZUULFILTER/wx.ddxc.cn:SpringCloud-Service-ZuulFilter:18760 with status UP (replication=false)
2017-09-14 09:25:37.031  INFO 4876 --- [Eureka-EvictionTimer] c.n.e.registry.AbstractInstanceRegistry  : Running the evict task with compensationTime 0ms
2017-09-14 09:25:37.032  INFO 4876 --- [Eureka-EvictionTimer] c.n.e.registry.AbstractInstanceRegistry  : Evicting 1 items (expired=1, evictionLimit=1)
2017-09-14 09:25:37.033  WARN 4876 --- [Eureka-EvictionTimer] c.n.e.registry.AbstractInstanceRegistry  : DS: Registry: expired lease for SPRINGCLOUD-SERVICE-HI/wx.ddxc.cn:SpringCloud-Service-Hi:8763
2017-09-14 09:25:37.035  INFO 4876 --- [Eureka-EvictionTimer] c.n.e.registry.AbstractInstanceRegistry  : Cancelled instance SPRINGCLOUD-SERVICE-HI/wx.ddxc.cn:SpringCloud-Service-Hi:8763 (replication=false)
2017-09-14 09:25:37.979  WARN 4876 --- [http-nio-8761-exec-7] c.n.e.registry.AbstractInstanceRegistry  : DS: Registry: lease doesn't exist, registering resource: SPRINGCLOUD-SERVICE-HI - wx.ddxc.cn:SpringCloud-Service-Hi:8763
2017-09-14 09:25:38.031  WARN 4876 --- [http-nio-8761-exec-7] c.n.eureka.resources.InstanceResource    : Not Found (Renew): SPRINGCLOUD-SERVICE-HI - wx.ddxc.cn:SpringCloud-Service-Hi:8763
2017-09-14 09:25:38.278  INFO 4876 --- [http-nio-8761-exec-10] c.n.e.registry.AbstractInstanceRegistry  : Registered instance SPRINGCLOUD-SERVICE-HI/wx.ddxc.cn:SpringCloud-Service-Hi:8763 with status UP (replication=false)
2017-09-14 09:26:36.199  INFO 4876 --- [ReplicaAwareInstanceRegistry - RenewalThresholdUpdater] c.n.e.r.PeerAwareInstanceRegistryImpl    : Current renewal threshold is : 0
2017-09-14 09:26:37.032  INFO 4876 --- [Eureka-EvictionTimer] c.n.e.registry.AbstractInstanceRegistry  : Running the evict task with compensationTime 0ms
2017-09-14 12:04:58.933  INFO 9420 --- [main] c.s.b.e.EurekaServerApplication          : No active profile set, falling back to default profiles: default
2017-09-14 12:04:58.962  INFO 9420 --- [main] ationConfigEmbeddedWebApplicationContext : Refreshing org.springframework.boot.context.embedded.AnnotationConfigEmbeddedWebApplicationContext@10c0679f: startup date [Thu Sep 14 12:04:58 CST 2017]; parent: org.springframework.context.annotation.AnnotationConfigApplicationContext@43f42525
2017-09-14 12:05:01.245  INFO 9420 --- [main] o.s.cloud.context.scope.GenericScope     : BeanFactory id=03654519-92c1-3f91-97cc-1b6b6430a322
2017-09-14 12:05:01.370  INFO 9420 --- [main] f.a.AutowiredAnnotationBeanPostProcessor : JSR-330 'javax.inject.Inject' annotation found and supported for autowiring
2017-09-14 12:05:01.428  INFO 9420 --- [main] trationDelegate$BeanPostProcessorChecker : Bean 'org.springframework.cloud.netflix.metrics.MetricsInterceptorConfiguration$MetricsRestTemplateConfiguration' of type [class org.springframework.cloud.netflix.metrics.MetricsInterceptorConfiguration$MetricsRestTemplateConfiguration$$EnhancerBySpringCGLIB$$c915a855] is not eligible for getting processed by all BeanPostProcessors (for example: not eligible for auto-proxying)
2017-09-14 12:05:01.440  INFO 9420 --- [main] trationDelegate$BeanPostProcessorChecker : Bean 'org.springframework.cloud.autoconfigure.ConfigurationPropertiesRebinderAutoConfiguration' of type [class org.springframework.cloud.autoconfigure.ConfigurationPropertiesRebinderAutoConfiguration$$EnhancerBySpringCGLIB$$b3030511] is not eligible for getting processed by all BeanPostProcessors (for example: not eligible for auto-proxying)
2017-09-14 12:05:02.807  INFO 9420 --- [main] s.b.c.e.t.TomcatEmbeddedServletContainer : Tomcat initialized with port(s): 8761 (http)
2017-09-14 12:05:02.824  INFO 9420 --- [main] o.apache.catalina.core.StandardService   : Starting service Tomcat
2017-09-14 12:05:02.826  INFO 9420 --- [main] org.apache.catalina.core.StandardEngine  : Starting Servlet Engine: Apache Tomcat/8.5.6
2017-09-14 12:05:02.996  INFO 9420 --- [localhost-startStop-1] o.a.c.c.C.[Tomcat].[localhost].[/]       : Initializing Spring embedded WebApplicationContext
2017-09-14 12:05:02.996  INFO 9420 --- [localhost-startStop-1] o.s.web.context.ContextLoader            : Root WebApplicationContext: initialization completed in 4034 ms
2017-09-14 12:05:04.246  INFO 9420 --- [localhost-startStop-1] o.s.b.w.servlet.FilterRegistrationBean   : Mapping filter: 'metricsFilter' to: [/*]
2017-09-14 12:05:04.246  INFO 9420 --- [localhost-startStop-1] o.s.b.w.servlet.FilterRegistrationBean   : Mapping filter: 'characterEncodingFilter' to: [/*]
2017-09-14 12:05:04.247  INFO 9420 --- [localhost-startStop-1] o.s.b.w.servlet.FilterRegistrationBean   : Mapping filter: 'hiddenHttpMethodFilter' to: [/*]
2017-09-14 12:05:04.247  INFO 9420 --- [localhost-startStop-1] o.s.b.w.servlet.FilterRegistrationBean   : Mapping filter: 'httpPutFormContentFilter' to: [/*]
2017-09-14 12:05:04.247  INFO 9420 --- [localhost-startStop-1] o.s.b.w.servlet.FilterRegistrationBean   : Mapping filter: 'requestContextFilter' to: [/*]
2017-09-14 12:05:04.247  INFO 9420 --- [localhost-startStop-1] o.s.b.w.servlet.FilterRegistrationBean   : Mapping filter: 'webRequestTraceFilter' to: [/*]
2017-09-14 12:05:04.247  INFO 9420 --- [localhost-startStop-1] o.s.b.w.servlet.FilterRegistrationBean   : Mapping filter: 'servletContainer' to urls: [/eureka/*]
2017-09-14 12:05:04.248  INFO 9420 --- [localhost-startStop-1] o.s.b.w.servlet.FilterRegistrationBean   : Mapping filter: 'applicationContextIdFilter' to: [/*]
2017-09-14 12:05:04.248  INFO 9420 --- [localhost-startStop-1] o.s.b.w.servlet.ServletRegistrationBean  : Mapping servlet: 'dispatcherServlet' to [/]
2017-09-14 12:05:04.420  INFO 9420 --- [localhost-startStop-1] c.s.j.s.i.a.WebApplicationImpl           : Initiating Jersey application, version 'Jersey: 1.19.1 03/11/2016 02:08 PM'
2017-09-14 12:05:04.536  INFO 9420 --- [localhost-startStop-1] c.n.d.provider.DiscoveryJerseyProvider   : Using JSON encoding codec LegacyJacksonJson
2017-09-14 12:05:04.538  INFO 9420 --- [localhost-startStop-1] c.n.d.provider.DiscoveryJerseyProvider   : Using JSON decoding codec LegacyJacksonJson
2017-09-14 12:05:04.712  INFO 9420 --- [localhost-startStop-1] c.n.d.provider.DiscoveryJerseyProvider   : Using XML encoding codec XStreamXml
2017-09-14 12:05:04.713  INFO 9420 --- [localhost-startStop-1] c.n.d.provider.DiscoveryJerseyProvider   : Using XML decoding codec XStreamXml
2017-09-14 12:05:06.598  INFO 9420 --- [main] s.w.s.m.m.a.RequestMappingHandlerAdapter : Looking for @ControllerAdvice: org.springframework.boot.context.embedded.AnnotationConfigEmbeddedWebApplicationContext@10c0679f: startup date [Thu Sep 14 12:04:58 CST 2017]; parent: org.springframework.context.annotation.AnnotationConfigApplicationContext@43f42525
2017-09-14 12:05:06.920  INFO 9420 --- [main] s.w.s.m.m.a.RequestMappingHandlerMapping : Mapped "{[/error]}" onto public org.springframework.http.ResponseEntity<java.util.Map<java.lang.String, java.lang.Object>> org.springframework.boot.autoconfigure.web.BasicErrorController.error(javax.servlet.http.HttpServletRequest)
2017-09-14 12:05:06.922  INFO 9420 --- [main] s.w.s.m.m.a.RequestMappingHandlerMapping : Mapped "{[/error],produces=[text/html]}" onto public org.springframework.web.servlet.ModelAndView org.springframework.boot.autoconfigure.web.BasicErrorController.errorHtml(javax.servlet.http.HttpServletRequest,javax.servlet.http.HttpServletResponse)
2017-09-14 12:05:06.956  INFO 9420 --- [main] s.w.s.m.m.a.RequestMappingHandlerMapping : Mapped "{[/],methods=[GET]}" onto public java.lang.String org.springframework.cloud.netflix.eureka.server.EurekaController.status(javax.servlet.http.HttpServletRequest,java.util.Map<java.lang.String, java.lang.Object>)
2017-09-14 12:05:06.957  INFO 9420 --- [main] s.w.s.m.m.a.RequestMappingHandlerMapping : Mapped "{[/lastn],methods=[GET]}" onto public java.lang.String org.springframework.cloud.netflix.eureka.server.EurekaController.lastn(javax.servlet.http.HttpServletRequest,java.util.Map<java.lang.String, java.lang.Object>)
2017-09-14 12:05:07.022  INFO 9420 --- [main] o.s.w.s.handler.SimpleUrlHandlerMapping  : Mapped URL path [/webjars/**] onto handler of type [class org.springframework.web.servlet.resource.ResourceHttpRequestHandler]
2017-09-14 12:05:07.023  INFO 9420 --- [main] o.s.w.s.handler.SimpleUrlHandlerMapping  : Mapped URL path [/**] onto handler of type [class org.springframework.web.servlet.resource.ResourceHttpRequestHandler]
2017-09-14 12:05:07.124  INFO 9420 --- [main] o.s.w.s.handler.SimpleUrlHandlerMapping  : Mapped URL path [/**/favicon.ico] onto handler of type [class org.springframework.web.servlet.resource.ResourceHttpRequestHandler]
2017-09-14 12:05:08.316  INFO 9420 --- [main] o.s.b.a.e.mvc.EndpointHandlerMapping     : Mapped "{[/restart || /restart.json],methods=[POST]}" onto public java.lang.Object org.springframework.cloud.context.restart.RestartMvcEndpoint.invoke()
2017-09-14 12:05:08.322  INFO 9420 --- [main] o.s.b.a.e.mvc.EndpointHandlerMapping     : Mapped "{[/metrics/{name:.*}],methods=[GET],produces=[application/json]}" onto public java.lang.Object org.springframework.boot.actuate.endpoint.mvc.MetricsMvcEndpoint.value(java.lang.String)
2017-09-14 12:05:08.322  INFO 9420 --- [main] o.s.b.a.e.mvc.EndpointHandlerMapping     : Mapped "{[/metrics || /metrics.json],methods=[GET],produces=[application/json]}" onto public java.lang.Object org.springframework.boot.actuate.endpoint.mvc.EndpointMvcAdapter.invoke()
2017-09-14 12:05:08.325  INFO 9420 --- [main] o.s.b.a.e.mvc.EndpointHandlerMapping     : Mapped "{[/features || /features.json],methods=[GET],produces=[application/json]}" onto public java.lang.Object org.springframework.boot.actuate.endpoint.mvc.EndpointMvcAdapter.invoke()
2017-09-14 12:05:08.326  INFO 9420 --- [main] o.s.b.a.e.mvc.EndpointHandlerMapping     : Mapped "{[/trace || /trace.json],methods=[GET],produces=[application/json]}" onto public java.lang.Object org.springframework.boot.actuate.endpoint.mvc.EndpointMvcAdapter.invoke()
2017-09-14 12:05:08.327  INFO 9420 --- [main] o.s.b.a.e.mvc.EndpointHandlerMapping     : Mapped "{[/env],methods=[POST]}" onto public java.lang.Object org.springframework.cloud.context.environment.EnvironmentManagerMvcEndpoint.value(java.util.Map<java.lang.String, java.lang.String>)
2017-09-14 12:05:08.327  INFO 9420 --- [main] o.s.b.a.e.mvc.EndpointHandlerMapping     : Mapped "{[/env/reset],methods=[POST]}" onto public java.util.Map<java.lang.String, java.lang.Object> org.springframework.cloud.context.environment.EnvironmentManagerMvcEndpoint.reset()
2017-09-14 12:05:08.329  INFO 9420 --- [main] o.s.b.a.e.mvc.EndpointHandlerMapping     : Mapped "{[/dump || /dump.json],methods=[GET],produces=[application/json]}" onto public java.lang.Object org.springframework.boot.actuate.endpoint.mvc.EndpointMvcAdapter.invoke()
2017-09-14 12:05:08.331  INFO 9420 --- [main] o.s.b.a.e.mvc.EndpointHandlerMapping     : Mapped "{[/refresh || /refresh.json],methods=[POST]}" onto public java.lang.Object org.springframework.cloud.endpoint.GenericPostableMvcEndpoint.invoke()
2017-09-14 12:05:08.333  INFO 9420 --- [main] o.s.b.a.e.mvc.EndpointHandlerMapping     : Mapped "{[/mappings || /mappings.json],methods=[GET],produces=[application/json]}" onto public java.lang.Object org.springframework.boot.actuate.endpoint.mvc.EndpointMvcAdapter.invoke()
2017-09-14 12:05:08.335  INFO 9420 --- [main] o.s.b.a.e.mvc.EndpointHandlerMapping     : Mapped "{[/pause || /pause.json],methods=[POST]}" onto public java.lang.Object org.springframework.cloud.endpoint.GenericPostableMvcEndpoint.invoke()
2017-09-14 12:05:08.339  INFO 9420 --- [main] o.s.b.a.e.mvc.EndpointHandlerMapping     : Mapped "{[/logfile || /logfile.json],methods=[GET || HEAD]}" onto public void org.springframework.boot.actuate.endpoint.mvc.LogFileMvcEndpoint.invoke(javax.servlet.http.HttpServletRequest,javax.servlet.http.HttpServletResponse) throws javax.servlet.ServletException,java.io.IOException
2017-09-14 12:05:08.343  INFO 9420 --- [main] o.s.b.a.e.mvc.EndpointHandlerMapping     : Mapped "{[/info || /info.json],methods=[GET],produces=[application/json]}" onto public java.lang.Object org.springframework.boot.actuate.endpoint.mvc.EndpointMvcAdapter.invoke()
2017-09-14 12:05:08.344  INFO 9420 --- [main] o.s.b.a.e.mvc.EndpointHandlerMapping     : Mapped "{[/beans || /beans.json],methods=[GET],produces=[application/json]}" onto public java.lang.Object org.springframework.boot.actuate.endpoint.mvc.EndpointMvcAdapter.invoke()
2017-09-14 12:05:08.350  INFO 9420 --- [main] o.s.b.a.e.mvc.EndpointHandlerMapping     : Mapped "{[/configprops || /configprops.json],methods=[GET],produces=[application/json]}" onto public java.lang.Object org.springframework.boot.actuate.endpoint.mvc.EndpointMvcAdapter.invoke()
2017-09-14 12:05:08.352  INFO 9420 --- [main] o.s.b.a.e.mvc.EndpointHandlerMapping     : Mapped "{[/resume || /resume.json],methods=[POST]}" onto public java.lang.Object org.springframework.cloud.endpoint.GenericPostableMvcEndpoint.invoke()
2017-09-14 12:05:08.356  INFO 9420 --- [main] o.s.b.a.e.mvc.EndpointHandlerMapping     : Mapped "{[/env/{name:.*}],methods=[GET],produces=[application/json]}" onto public java.lang.Object org.springframework.boot.actuate.endpoint.mvc.EnvironmentMvcEndpoint.value(java.lang.String)
2017-09-14 12:05:08.356  INFO 9420 --- [main] o.s.b.a.e.mvc.EndpointHandlerMapping     : Mapped "{[/env || /env.json],methods=[GET],produces=[application/json]}" onto public java.lang.Object org.springframework.boot.actuate.endpoint.mvc.EndpointMvcAdapter.invoke()
2017-09-14 12:05:08.358  INFO 9420 --- [main] o.s.b.a.e.mvc.EndpointHandlerMapping     : Mapped "{[/archaius || /archaius.json],methods=[GET],produces=[application/json]}" onto public java.lang.Object org.springframework.boot.actuate.endpoint.mvc.EndpointMvcAdapter.invoke()
2017-09-14 12:05:08.360  INFO 9420 --- [main] o.s.b.a.e.mvc.EndpointHandlerMapping     : Mapped "{[/autoconfig || /autoconfig.json],methods=[GET],produces=[application/json]}" onto public java.lang.Object org.springframework.boot.actuate.endpoint.mvc.EndpointMvcAdapter.invoke()
2017-09-14 12:05:08.363  INFO 9420 --- [main] o.s.b.a.e.mvc.EndpointHandlerMapping     : Mapped "{[/heapdump || /heapdump.json],methods=[GET],produces=[application/octet-stream]}" onto public void org.springframework.boot.actuate.endpoint.mvc.HeapdumpMvcEndpoint.invoke(boolean,javax.servlet.http.HttpServletRequest,javax.servlet.http.HttpServletResponse) throws java.io.IOException,javax.servlet.ServletException
2017-09-14 12:05:08.365  INFO 9420 --- [main] o.s.b.a.e.mvc.EndpointHandlerMapping     : Mapped "{[/service-registry/instance-status],methods=[GET]}" onto public org.springframework.http.ResponseEntity org.springframework.cloud.client.serviceregistry.endpoint.ServiceRegistryEndpoint.getStatus()
2017-09-14 12:05:08.365  INFO 9420 --- [main] o.s.b.a.e.mvc.EndpointHandlerMapping     : Mapped "{[/service-registry/instance-status],methods=[POST]}" onto public org.springframework.http.ResponseEntity<?> org.springframework.cloud.client.serviceregistry.endpoint.ServiceRegistryEndpoint.setStatus(java.lang.String)
2017-09-14 12:05:08.367  INFO 9420 --- [main] o.s.b.a.e.mvc.EndpointHandlerMapping     : Mapped "{[/health || /health.json],produces=[application/json]}" onto public java.lang.Object org.springframework.boot.actuate.endpoint.mvc.HealthMvcEndpoint.invoke(java.security.Principal)
2017-09-14 12:05:08.695  INFO 9420 --- [main] o.s.ui.freemarker.SpringTemplateLoader   : SpringTemplateLoader for FreeMarker: using resource loader [org.springframework.boot.context.embedded.AnnotationConfigEmbeddedWebApplicationContext@10c0679f: startup date [Thu Sep 14 12:04:58 CST 2017]; parent: org.springframework.context.annotation.AnnotationConfigApplicationContext@43f42525] and template loader path [classpath:/templates/]
2017-09-14 12:05:08.697  INFO 9420 --- [main] o.s.w.s.v.f.FreeMarkerConfigurer         : ClassTemplateLoader for Spring macros added to FreeMarker configuration
2017-09-14 12:05:09.042  WARN 9420 --- [main] o.s.c.n.a.ArchaiusAutoConfiguration      : No spring.application.name found, defaulting to 'application'
2017-09-14 12:05:09.048  WARN 9420 --- [main] c.n.c.sources.URLConfigurationSource     : No URLs will be polled as dynamic configuration sources.
2017-09-14 12:05:09.048  INFO 9420 --- [main] c.n.c.sources.URLConfigurationSource     : To enable URLs as dynamic configuration sources, define System property archaius.configurationSource.additionalUrls or make config.properties available on classpath.
2017-09-14 12:05:09.060  WARN 9420 --- [main] c.n.c.sources.URLConfigurationSource     : No URLs will be polled as dynamic configuration sources.
2017-09-14 12:05:09.060  INFO 9420 --- [main] c.n.c.sources.URLConfigurationSource     : To enable URLs as dynamic configuration sources, define System property archaius.configurationSource.additionalUrls or make config.properties available on classpath.
2017-09-14 12:05:09.176  INFO 9420 --- [main] o.s.c.n.eureka.InstanceInfoFactory       : Setting initial instance status as: STARTING
2017-09-14 12:05:09.311  INFO 9420 --- [main] com.netflix.discovery.DiscoveryClient    : Initializing Eureka in region us-east-1
2017-09-14 12:05:09.311  INFO 9420 --- [main] com.netflix.discovery.DiscoveryClient    : Client configured to neither register nor query for data.
2017-09-14 12:05:09.335  INFO 9420 --- [main] com.netflix.discovery.DiscoveryClient    : Discovery Client initialized at timestamp 1505361909335 with initial instances count: 0
2017-09-14 12:05:09.532  INFO 9420 --- [main] c.n.eureka.DefaultEurekaServerContext    : Initializing ...
2017-09-14 12:05:09.536  WARN 9420 --- [main] c.n.eureka.cluster.PeerEurekaNodes       : The replica size seems to be empty. Check the route 53 DNS Registry
2017-09-14 12:05:09.576  INFO 9420 --- [main] c.n.e.registry.AbstractInstanceRegistry  : Finished initializing remote region registries. All known remote regions: []
2017-09-14 12:05:09.578  INFO 9420 --- [main] c.n.eureka.DefaultEurekaServerContext    : Initialized
2017-09-14 12:05:10.027  INFO 9420 --- [main] o.s.j.e.a.AnnotationMBeanExporter        : Registering beans for JMX exposure on startup
2017-09-14 12:05:10.042  INFO 9420 --- [main] o.s.j.e.a.AnnotationMBeanExporter        : Bean with name 'environmentManager' has been autodetected for JMX exposure
2017-09-14 12:05:10.046  INFO 9420 --- [main] o.s.j.e.a.AnnotationMBeanExporter        : Bean with name 'configurationPropertiesRebinder' has been autodetected for JMX exposure
2017-09-14 12:05:10.047  INFO 9420 --- [main] o.s.j.e.a.AnnotationMBeanExporter        : Bean with name 'refreshEndpoint' has been autodetected for JMX exposure
2017-09-14 12:05:10.049  INFO 9420 --- [main] o.s.j.e.a.AnnotationMBeanExporter        : Bean with name 'restartEndpoint' has been autodetected for JMX exposure
2017-09-14 12:05:10.051  INFO 9420 --- [main] o.s.j.e.a.AnnotationMBeanExporter        : Bean with name 'serviceRegistryEndpoint' has been autodetected for JMX exposure
2017-09-14 12:05:10.052  INFO 9420 --- [main] o.s.j.e.a.AnnotationMBeanExporter        : Bean with name 'refreshScope' has been autodetected for JMX exposure
2017-09-14 12:05:10.056  INFO 9420 --- [main] o.s.j.e.a.AnnotationMBeanExporter        : Located managed bean 'environmentManager': registering with JMX server as MBean [org.springframework.cloud.context.environment:name=environmentManager,type=EnvironmentManager]
2017-09-14 12:05:10.074  INFO 9420 --- [main] o.s.j.e.a.AnnotationMBeanExporter        : Located managed bean 'refreshScope': registering with JMX server as MBean [org.springframework.cloud.context.scope.refresh:name=refreshScope,type=RefreshScope]
2017-09-14 12:05:10.093  INFO 9420 --- [main] o.s.j.e.a.AnnotationMBeanExporter        : Located managed bean 'restartEndpoint': registering with JMX server as MBean [org.springframework.cloud.context.restart:name=restartEndpoint,type=RestartEndpoint]
2017-09-14 12:05:10.110  INFO 9420 --- [main] o.s.j.e.a.AnnotationMBeanExporter        : Located managed bean 'serviceRegistryEndpoint': registering with JMX server as MBean [org.springframework.cloud.client.serviceregistry.endpoint:name=serviceRegistryEndpoint,type=ServiceRegistryEndpoint]
2017-09-14 12:05:10.114  INFO 9420 --- [main] o.s.j.e.a.AnnotationMBeanExporter        : Located managed bean 'refreshEndpoint': registering with JMX server as MBean [org.springframework.cloud.endpoint:name=refreshEndpoint,type=RefreshEndpoint]
2017-09-14 12:05:10.117  INFO 9420 --- [main] o.s.j.e.a.AnnotationMBeanExporter        : Located managed bean 'configurationPropertiesRebinder': registering with JMX server as MBean [org.springframework.cloud.context.properties:name=configurationPropertiesRebinder,context=10c0679f,type=ConfigurationPropertiesRebinder]
2017-09-14 12:05:10.403  INFO 9420 --- [main] o.s.c.support.DefaultLifecycleProcessor  : Starting beans in phase 0
2017-09-14 12:05:10.403  INFO 9420 --- [main] o.s.c.n.e.s.EurekaServiceRegistry        : Registering application unknown with eureka with status UP
2017-09-14 12:05:10.468  INFO 9420 --- [Thread-10] o.s.c.n.e.server.EurekaServerBootstrap   : Setting the eureka configuration..
2017-09-14 12:05:10.469  INFO 9420 --- [Thread-10] o.s.c.n.e.server.EurekaServerBootstrap   : Eureka data center value eureka.datacenter is not set, defaulting to default
2017-09-14 12:05:10.469  INFO 9420 --- [Thread-10] o.s.c.n.e.server.EurekaServerBootstrap   : Eureka environment value eureka.environment is not set, defaulting to test
2017-09-14 12:05:10.517  INFO 9420 --- [Thread-10] o.s.c.n.e.server.EurekaServerBootstrap   : isAws returned false
2017-09-14 12:05:10.518  INFO 9420 --- [Thread-10] o.s.c.n.e.server.EurekaServerBootstrap   : Initialized server context
2017-09-14 12:05:10.518  INFO 9420 --- [Thread-10] c.n.e.r.PeerAwareInstanceRegistryImpl    : Got 1 instances from neighboring DS node
2017-09-14 12:05:10.518  INFO 9420 --- [Thread-10] c.n.e.r.PeerAwareInstanceRegistryImpl    : Renew threshold is: 1
2017-09-14 12:05:10.518  INFO 9420 --- [Thread-10] c.n.e.r.PeerAwareInstanceRegistryImpl    : Changing status to UP
2017-09-14 12:05:10.533  INFO 9420 --- [Thread-10] e.s.EurekaServerInitializerConfiguration : Started Eureka Server
2017-09-14 12:05:10.583  INFO 9420 --- [main] s.b.c.e.t.TomcatEmbeddedServletContainer : Tomcat started on port(s): 8761 (http)
2017-09-14 12:05:10.584  INFO 9420 --- [main] .s.c.n.e.s.EurekaAutoServiceRegistration : Updating port to 8761
2017-09-14 12:05:10.590  INFO 9420 --- [main] c.s.b.e.EurekaServerApplication          : Started EurekaServerApplication in 13.744 seconds (JVM running for 14.229)
2017-09-14 12:05:22.762  INFO 9420 --- [http-nio-8761-exec-1] o.a.c.c.C.[Tomcat].[localhost].[/]       : Initializing Spring FrameworkServlet 'dispatcherServlet'
2017-09-14 12:05:22.762  INFO 9420 --- [http-nio-8761-exec-1] o.s.web.servlet.DispatcherServlet        : FrameworkServlet 'dispatcherServlet': initialization started
2017-09-14 12:05:22.787  INFO 9420 --- [http-nio-8761-exec-1] o.s.web.servlet.DispatcherServlet        : FrameworkServlet 'dispatcherServlet': initialization completed in 25 ms
2017-09-14 12:06:10.519  INFO 9420 --- [Eureka-EvictionTimer] c.n.e.registry.AbstractInstanceRegistry  : Running the evict task with compensationTime 0ms
2017-09-14 12:08:47.779  INFO 10088 --- [main] c.s.b.e.EurekaServerApplication          : No active profile set, falling back to default profiles: default
2017-09-14 12:08:47.811  INFO 10088 --- [main] ationConfigEmbeddedWebApplicationContext : Refreshing org.springframework.boot.context.embedded.AnnotationConfigEmbeddedWebApplicationContext@6db9a906: startup date [Thu Sep 14 12:08:47 CST 2017]; parent: org.springframework.context.annotation.AnnotationConfigApplicationContext@59fc7921
2017-09-14 12:08:49.898  INFO 10088 --- [main] o.s.cloud.context.scope.GenericScope     : BeanFactory id=03654519-92c1-3f91-97cc-1b6b6430a322
2017-09-14 12:08:49.993  INFO 10088 --- [main] f.a.AutowiredAnnotationBeanPostProcessor : JSR-330 'javax.inject.Inject' annotation found and supported for autowiring
2017-09-14 12:08:50.040  INFO 10088 --- [main] trationDelegate$BeanPostProcessorChecker : Bean 'org.springframework.cloud.netflix.metrics.MetricsInterceptorConfiguration$MetricsRestTemplateConfiguration' of type [class org.springframework.cloud.netflix.metrics.MetricsInterceptorConfiguration$MetricsRestTemplateConfiguration$$EnhancerBySpringCGLIB$$9feebc7a] is not eligible for getting processed by all BeanPostProcessors (for example: not eligible for auto-proxying)
2017-09-14 12:08:50.052  INFO 10088 --- [main] trationDelegate$BeanPostProcessorChecker : Bean 'org.springframework.cloud.autoconfigure.ConfigurationPropertiesRebinderAutoConfiguration' of type [class org.springframework.cloud.autoconfigure.ConfigurationPropertiesRebinderAutoConfiguration$$EnhancerBySpringCGLIB$$89dc1936] is not eligible for getting processed by all BeanPostProcessors (for example: not eligible for auto-proxying)
2017-09-14 12:08:50.671  INFO 10088 --- [main] s.b.c.e.t.TomcatEmbeddedServletContainer : Tomcat initialized with port(s): 8761 (http)
2017-09-14 12:08:50.684  INFO 10088 --- [main] o.apache.catalina.core.StandardService   : Starting service Tomcat
2017-09-14 12:08:50.685  INFO 10088 --- [main] org.apache.catalina.core.StandardEngine  : Starting Servlet Engine: Apache Tomcat/8.5.6
2017-09-14 12:08:50.848  INFO 10088 --- [localhost-startStop-1] o.a.c.c.C.[Tomcat].[localhost].[/]       : Initializing Spring embedded WebApplicationContext
2017-09-14 12:08:50.849  INFO 10088 --- [localhost-startStop-1] o.s.web.context.ContextLoader            : Root WebApplicationContext: initialization completed in 3039 ms
